<?xml version="1.0" encoding="UTF-8"?>
<testsuite xmlns:xsi="http://www.w3.org/2001/XMLSchema-instance" xsi:noNamespaceSchemaLocation="https://maven.apache.org/surefire/maven-surefire-plugin/xsd/surefire-test-report-3.0.xsd" version="3.0" name="com.tryouts.sudoku.SudokuAppTest" time="0.081" tests="12" errors="0" skipped="0" failures="0">
  <properties>
    <property name="sun.desktop" value="windows"/>
    <property name="awt.toolkit" value="sun.awt.windows.WToolkit"/>
    <property name="file.encoding.pkg" value="sun.io"/>
    <property name="java.specification.version" value="1.8"/>
    <property name="sun.cpu.isalist" value="amd64"/>
    <property name="sun.jnu.encoding" value="Cp1252"/>
    <property name="java.class.path" value="C:\Users\KChellappan\eclipse-workspace\sudoku\target\test-classes;C:\Users\KChellappan\eclipse-workspace\sudoku\target\classes;C:\Users\KChellappan\.m2\repository\org\junit\jupiter\junit-jupiter-engine\5.8.1\junit-jupiter-engine-5.8.1.jar;C:\Users\KChellappan\.m2\repository\org\junit\platform\junit-platform-engine\1.8.1\junit-platform-engine-1.8.1.jar;C:\Users\KChellappan\.m2\repository\org\opentest4j\opentest4j\1.2.0\opentest4j-1.2.0.jar;C:\Users\KChellappan\.m2\repository\org\junit\platform\junit-platform-commons\1.8.1\junit-platform-commons-1.8.1.jar;C:\Users\KChellappan\.m2\repository\org\junit\jupiter\junit-jupiter-api\5.8.1\junit-jupiter-api-5.8.1.jar;C:\Users\KChellappan\.m2\repository\org\apiguardian\apiguardian-api\1.1.2\apiguardian-api-1.1.2.jar;C:\Users\KChellappan\.m2\repository\org\junit\platform\junit-platform-suite\1.8.1\junit-platform-suite-1.8.1.jar;C:\Users\KChellappan\.m2\repository\org\junit\platform\junit-platform-suite-api\1.8.1\junit-platform-suite-api-1.8.1.jar;C:\Users\KChellappan\.m2\repository\org\junit\platform\junit-platform-suite-engine\1.8.1\junit-platform-suite-engine-1.8.1.jar;C:\Users\KChellappan\.m2\repository\org\junit\platform\junit-platform-suite-commons\1.8.1\junit-platform-suite-commons-1.8.1.jar;C:\Users\KChellappan\.m2\repository\org\junit\platform\junit-platform-launcher\1.8.1\junit-platform-launcher-1.8.1.jar;"/>
    <property name="java.vm.vendor" value="Oracle Corporation"/>
    <property name="sun.arch.data.model" value="64"/>
    <property name="user.variant" value=""/>
    <property name="java.vendor.url" value="http://java.oracle.com/"/>
    <property name="user.timezone" value="Europe/Belgrade"/>
    <property name="java.vm.specification.version" value="1.8"/>
    <property name="os.name" value="Windows 10"/>
    <property name="user.country" value="US"/>
    <property name="sun.java.launcher" value="SUN_STANDARD"/>
    <property name="sun.boot.library.path" value="C:\Files\Softwares\Work\jdk_1.8.181\jre\bin"/>
    <property name="sun.java.command" value="C:\Users\KChellappan\AppData\Local\Temp\surefire3392697553909150760\surefirebooter6189152158354640118.jar C:\Users\KChellappan\AppData\Local\Temp\surefire3392697553909150760 2022-10-31T11-12-26_660-jvmRun1 surefire572066738138928844tmp surefire_03631266501730493418tmp"/>
    <property name="surefire.test.class.path" value="C:\Users\KChellappan\eclipse-workspace\sudoku\target\test-classes;C:\Users\KChellappan\eclipse-workspace\sudoku\target\classes;C:\Users\KChellappan\.m2\repository\org\junit\jupiter\junit-jupiter-engine\5.8.1\junit-jupiter-engine-5.8.1.jar;C:\Users\KChellappan\.m2\repository\org\junit\platform\junit-platform-engine\1.8.1\junit-platform-engine-1.8.1.jar;C:\Users\KChellappan\.m2\repository\org\opentest4j\opentest4j\1.2.0\opentest4j-1.2.0.jar;C:\Users\KChellappan\.m2\repository\org\junit\platform\junit-platform-commons\1.8.1\junit-platform-commons-1.8.1.jar;C:\Users\KChellappan\.m2\repository\org\junit\jupiter\junit-jupiter-api\5.8.1\junit-jupiter-api-5.8.1.jar;C:\Users\KChellappan\.m2\repository\org\apiguardian\apiguardian-api\1.1.2\apiguardian-api-1.1.2.jar;C:\Users\KChellappan\.m2\repository\org\junit\platform\junit-platform-suite\1.8.1\junit-platform-suite-1.8.1.jar;C:\Users\KChellappan\.m2\repository\org\junit\platform\junit-platform-suite-api\1.8.1\junit-platform-suite-api-1.8.1.jar;C:\Users\KChellappan\.m2\repository\org\junit\platform\junit-platform-suite-engine\1.8.1\junit-platform-suite-engine-1.8.1.jar;C:\Users\KChellappan\.m2\repository\org\junit\platform\junit-platform-suite-commons\1.8.1\junit-platform-suite-commons-1.8.1.jar;C:\Users\KChellappan\.m2\repository\org\junit\platform\junit-platform-launcher\1.8.1\junit-platform-launcher-1.8.1.jar;"/>
    <property name="sun.cpu.endian" value="little"/>
    <property name="user.home" value="C:\Users\KChellappan"/>
    <property name="user.language" value="en"/>
    <property name="java.specification.vendor" value="Oracle Corporation"/>
    <property name="java.home" value="C:\Files\Softwares\Work\jdk_1.8.181\jre"/>
    <property name="basedir" value="C:\Users\KChellappan\eclipse-workspace\sudoku"/>
    <property name="file.separator" value="\"/>
    <property name="line.separator" value="&#10;"/>
    <property name="java.vm.specification.vendor" value="Oracle Corporation"/>
    <property name="java.specification.name" value="Java Platform API Specification"/>
    <property name="java.awt.graphicsenv" value="sun.awt.Win32GraphicsEnvironment"/>
    <property name="surefire.real.class.path" value="C:\Users\KChellappan\AppData\Local\Temp\surefire3392697553909150760\surefirebooter6189152158354640118.jar"/>
    <property name="sun.boot.class.path" value="C:\Files\Softwares\Work\jdk_1.8.181\jre\lib\resources.jar;C:\Files\Softwares\Work\jdk_1.8.181\jre\lib\rt.jar;C:\Files\Softwares\Work\jdk_1.8.181\jre\lib\sunrsasign.jar;C:\Files\Softwares\Work\jdk_1.8.181\jre\lib\jsse.jar;C:\Files\Softwares\Work\jdk_1.8.181\jre\lib\jce.jar;C:\Files\Softwares\Work\jdk_1.8.181\jre\lib\charsets.jar;C:\Files\Softwares\Work\jdk_1.8.181\jre\lib\jfr.jar;C:\Files\Softwares\Work\jdk_1.8.181\jre\classes"/>
    <property name="user.script" value=""/>
    <property name="sun.management.compiler" value="HotSpot 64-Bit Tiered Compilers"/>
    <property name="java.runtime.version" value="1.8.0_181-b13"/>
    <property name="user.name" value="KChellappan"/>
    <property name="path.separator" value=";"/>
    <property name="os.version" value="10.0"/>
    <property name="java.endorsed.dirs" value="C:\Files\Softwares\Work\jdk_1.8.181\jre\lib\endorsed"/>
    <property name="java.runtime.name" value="Java(TM) SE Runtime Environment"/>
    <property name="file.encoding" value="Cp1252"/>
    <property name="java.vm.name" value="Java HotSpot(TM) 64-Bit Server VM"/>
    <property name="localRepository" value="C:\Users\KChellappan\.m2\repository"/>
    <property name="java.vendor.url.bug" value="http://bugreport.sun.com/bugreport/"/>
    <property name="java.io.tmpdir" value="C:\Users\KCHELL~1\AppData\Local\Temp\"/>
    <property name="java.version" value="1.8.0_181"/>
    <property name="user.dir" value="C:\Users\KChellappan\eclipse-workspace\sudoku"/>
    <property name="os.arch" value="amd64"/>
    <property name="java.vm.specification.name" value="Java Virtual Machine Specification"/>
    <property name="java.awt.printerjob" value="sun.awt.windows.WPrinterJob"/>
    <property name="sun.os.patch.level" value=""/>
    <property name="java.library.path" value="C:\Files\Softwares\Work\jdk_1.8.181\jre\bin;C:\Windows\Sun\Java\bin;C:\Windows\system32;C:\Windows;C:\Windows\system32;C:\Windows;C:\Windows\System32\Wbem;C:\Windows\System32\WindowsPowerShell\v1.0\;C:\Windows\System32\OpenSSH\;C:\Program Files\Intel\WiFi\bin\;C:\Program Files\Common Files\Intel\WirelessCommon\;C:\Users\KChellappan\AppData\Roaming\npm;C:\Program Files\nodejs\;C:\Users\KChellappan;C:\Program Files\PostgreSQL\13\bin;C:\Program Files\MySQL\MySQL Shell 8.0\bin\;C:\Users\KChellappan\AppData\Local\Microsoft\WindowsApps;C:\Files\Softwares\Work\jdk_1.8.181\bin;C:\Files\Softwares\Work\apache-maven-3.8.4-bin\bin;C:\Files\Softwares\Work\ideaIC-2021.3.2.win\bin;C:\Files\Softwares\Work\Git\bin;C:\Files\Softwares\Work\gradle-5.6.4\bin;C:\Users\KChellappan\AppData\Roaming\npm;C:\Program Files\nodejs\;C:\Program Files\PostgreSQL\13\bin;;."/>
    <property name="java.vm.info" value="mixed mode"/>
    <property name="java.vendor" value="Oracle Corporation"/>
    <property name="java.vm.version" value="25.181-b13"/>
    <property name="java.ext.dirs" value="C:\Files\Softwares\Work\jdk_1.8.181\jre\lib\ext;C:\Windows\Sun\Java\lib\ext"/>
    <property name="sun.io.unicode.encoding" value="UnicodeLittle"/>
    <property name="java.class.version" value="52.0"/>
  </properties>
  <testcase name="testInitializeEmptyInput" classname="com.tryouts.sudoku.SudokuAppTest" time="0.026"/>
  <testcase name="testInitializeValidInput" classname="com.tryouts.sudoku.SudokuAppTest" time="0.003"/>
  <testcase name="testInitializeInvalidValue" classname="com.tryouts.sudoku.SudokuAppTest" time="0.002"/>
  <testcase name="testValidateGoodSudoku" classname="com.tryouts.sudoku.SudokuAppTest" time="0.002"/>
  <testcase name="testInitializeNullInput" classname="com.tryouts.sudoku.SudokuAppTest" time="0.002"/>
  <testcase name="testInitializeValidateRows" classname="com.tryouts.sudoku.SudokuAppTest" time="0.002"/>
  <testcase name="testInitializeUndersizedLine" classname="com.tryouts.sudoku.SudokuAppTest" time="0.001"/>
  <testcase name="testInitializeUndersizedList" classname="com.tryouts.sudoku.SudokuAppTest" time="0.002"/>
  <testcase name="testInitializeSpecialChar" classname="com.tryouts.sudoku.SudokuAppTest" time="0.002"/>
  <testcase name="testValidateBadSudoku" classname="com.tryouts.sudoku.SudokuAppTest" time="0.003"/>
  <testcase name="testInitializeOversizedLine" classname="com.tryouts.sudoku.SudokuAppTest" time="0.001"/>
  <testcase name="testInitializeOversizedList" classname="com.tryouts.sudoku.SudokuAppTest" time="0.001"/>
</testsuite>